{"C:\\Uni\\gitloc\\tuk-tuk\\src\\simple.js": {"path":"C:\\Uni\\gitloc\\tuk-tuk\\src\\simple.js","statementMap":{"0":{"start":{"line":1,"column":13},"end":{"line":3,"column":1}},"1":{"start":{"line":2,"column":4},"end":{"line":2,"column":27}},"2":{"start":{"line":5,"column":0},"end":{"line":5,"column":22}}},"fnMap":{"0":{"name":"(anonymous_0)","decl":{"start":{"line":1,"column":13},"end":{"line":1,"column":14}},"loc":{"start":{"line":1,"column":19},"end":{"line":3,"column":1}},"line":1}},"branchMap":{},"s":{"0":1,"1":1,"2":1},"f":{"0":1},"b":{},"_coverageSchema":"1a1c01bbd47fc00a2c39e90264f33305004495a9","hash":"7a344dacb2097b3b2f1e3d25ee8f45e828317bd3"}
}
